11-03-2020 11:57:25.436 [Gauge] [INFO] Watching directory: C:\Users\ken.lebot\Desktop\CGI - IPI\java350\ipi-java-350-ex\specs
11-03-2020 11:57:25.444 [Gauge] [DEBUG] Found 1 files
11-03-2020 11:57:25.601 [Gauge] [INFO] Initializing concepts cache with 0 concepts
11-03-2020 11:57:25.604 [Gauge] [INFO] Initializing specs cache with 1 specs
11-03-2020 11:57:25.604 [Gauge] [DEBUG] Adding specs from C:\Users\ken.lebot\Desktop\CGI - IPI\java350\ipi-java-350-ex\specs\example.spec
11-03-2020 11:57:25.604 [Gauge] [INFO] Initializing steps cache with 1 steps
11-03-2020 11:57:25.604 [Gauge] [INFO] Gauge daemon initialized and listening on port: 61425
11-03-2020 11:57:46.965 [Gauge] [DEBUG] Api Request Received: messageType:GetStepValueRequest messageId:4 stepValueRequest:<stepText:"Soit un employ\303\251 appel\303\251 <prenom> <nom> de matricule <matricule>" > 
11-03-2020 11:57:46.981 [Gauge] [DEBUG] Sending API response: messageType:GetStepValueResponse messageId:4 stepValueResponse:<stepValue:<stepValue:"Soit un employ\303\251 appel\303\251 {} {} de matricule {}" parameterizedStepValue:"Soit un employ\303\251 appel\303\251 <prenom> <nom> de matricule <matricule>" parameters:"prenom" parameters:"nom" parameters:"matricule" > > 
11-03-2020 11:57:47.068 [Gauge] [DEBUG] Api Request Received: messageType:GetStepValueRequest messageId:4 stepValueRequest:<stepText:"On vire tous les employ\303\251s s'il y en a" > 
11-03-2020 11:57:47.068 [Gauge] [DEBUG] Sending API response: messageType:GetStepValueResponse messageId:4 stepValueResponse:<stepValue:<stepValue:"On vire tous les employ\303\251s s'il y en a" parameterizedStepValue:"On vire tous les employ\303\251s s'il y en a" > > 
11-03-2020 11:57:47.397 [Gauge] [DEBUG] Api Request Received: messageType:GetStepValueRequest messageId:4 stepValueRequest:<stepText:"J'embauche une personne appel\303\251e <prenom> <nom> dipl\303\264m\303\251e d'un <diplome> en tant que <poste> avec un taux d'activit\303\251 de <txActivite>" > 
11-03-2020 11:57:47.408 [Gauge] [DEBUG] Sending API response: messageType:GetStepValueResponse messageId:4 stepValueResponse:<stepValue:<stepValue:"J'embauche une personne appel\303\251e {} {} dipl\303\264m\303\251e d'un {} en tant que {} avec un taux d'activit\303\251 de {}" parameterizedStepValue:"J'embauche une personne appel\303\251e <prenom> <nom> dipl\303\264m\303\251e d'un <diplome> en tant que <poste> avec un taux d'activit\303\251 de <txActivite>" parameters:"prenom" parameters:"nom" parameters:"diplome" parameters:"poste" parameters:"txActivite" > > 
11-03-2020 11:57:47.551 [Gauge] [DEBUG] Api Request Received: messageType:GetStepValueRequest messageId:4 stepValueRequest:<stepText:"J'obtiens bien un nouvel employ\303\251 appel\303\251 <prenom> <nom> portant le matricule <matricule> et touchant un salaire de <salaire> \342\202\254" > 
11-03-2020 11:57:47.551 [Gauge] [DEBUG] Sending API response: messageType:GetStepValueResponse messageId:4 stepValueResponse:<stepValue:<stepValue:"J'obtiens bien un nouvel employ\303\251 appel\303\251 {} {} portant le matricule {} et touchant un salaire de {} \342\202\254" parameterizedStepValue:"J'obtiens bien un nouvel employ\303\251 appel\303\251 <prenom> <nom> portant le matricule <matricule> et touchant un salaire de <salaire> \342\202\254" parameters:"prenom" parameters:"nom" parameters:"matricule" parameters:"salaire" > > 
11-03-2020 11:57:47.648 [Gauge] [DEBUG] Api Request Received: messageType:GetStepValueRequest messageId:4 stepValueRequest:<stepText:"Vowels in English language are \"aeiou\"." > 
11-03-2020 11:57:47.649 [Gauge] [DEBUG] Sending API response: messageType:GetStepValueResponse messageId:4 stepValueResponse:<stepValue:<stepValue:"Vowels in English language are {}." parameterizedStepValue:"Vowels in English language are <aeiou>." parameters:"aeiou" > > 
11-03-2020 11:57:47.650 [Gauge] [DEBUG] Api Request Received: messageType:GetStepValueRequest messageId:4 stepValueRequest:<stepText:"Almost all words have vowels" hasInlineTable:true > 
11-03-2020 11:57:47.650 [Gauge] [DEBUG] Sending API response: messageType:GetStepValueResponse messageId:4 stepValueResponse:<stepValue:<stepValue:"Almost all words have vowels {}" parameterizedStepValue:"Almost all words have vowels <table>" parameters:"table" > > 
11-03-2020 11:57:47.788 [Gauge] [DEBUG] Api Request Received: messageType:GetStepValueRequest messageId:4 stepValueRequest:<stepText:"The word \"gauge\" has \"3\" vowels." > 
11-03-2020 11:57:47.788 [Gauge] [DEBUG] Sending API response: messageType:GetStepValueResponse messageId:4 stepValueResponse:<stepValue:<stepValue:"The word {} has {} vowels." parameterizedStepValue:"The word <gauge> has <3> vowels." parameters:"gauge" parameters:"3" > > 
11-03-2020 11:57:47.790 [Gauge] [DEBUG] Api Request Received: messageType:GetStepValueRequest messageId:4 stepValueRequest:<stepText:"Soit un employ\303\251 appel\303\251 \"John\" \"Doe\" de matricule \"C00123\"" > 
11-03-2020 11:57:47.791 [Gauge] [DEBUG] Sending API response: messageType:GetStepValueResponse messageId:4 stepValueResponse:<stepValue:<stepValue:"Soit un employ\303\251 appel\303\251 {} {} de matricule {}" parameterizedStepValue:"Soit un employ\303\251 appel\303\251 <John> <Doe> de matricule <C00123>" parameters:"John" parameters:"Doe" parameters:"C00123" > > 
11-03-2020 11:57:47.791 [Gauge] [DEBUG] Api Request Received: messageType:GetStepValueRequest messageId:4 stepValueRequest:<stepText:"J'obtiens bien un nouvel employ\303\251 appel\303\251 \"John\" \"Doe\" portant le matricule \"T00001\" et touchant un salaire de \"1521.22\" \342\202\254" > 
11-03-2020 11:57:47.791 [Gauge] [DEBUG] Sending API response: messageType:GetStepValueResponse messageId:4 stepValueResponse:<stepValue:<stepValue:"J'obtiens bien un nouvel employ\303\251 appel\303\251 {} {} portant le matricule {} et touchant un salaire de {} \342\202\254" parameterizedStepValue:"J'obtiens bien un nouvel employ\303\251 appel\303\251 <John> <Doe> portant le matricule <T00001> et touchant un salaire de <1521.22> \342\202\254" parameters:"John" parameters:"Doe" parameters:"T00001" parameters:"1521.22" > > 
11-03-2020 11:57:47.792 [Gauge] [DEBUG] Api Request Received: messageType:GetStepValueRequest messageId:4 stepValueRequest:<stepText:"J'obtiens bien un nouvel employ\303\251 appel\303\251 \"Jane\" \"Doe\" portant le matricule \"M00124\" et touchant un salaire de \"1064.85\" \342\202\254" > 
11-03-2020 11:57:47.792 [Gauge] [DEBUG] Sending API response: messageType:GetStepValueResponse messageId:4 stepValueResponse:<stepValue:<stepValue:"J'obtiens bien un nouvel employ\303\251 appel\303\251 {} {} portant le matricule {} et touchant un salaire de {} \342\202\254" parameterizedStepValue:"J'obtiens bien un nouvel employ\303\251 appel\303\251 <Jane> <Doe> portant le matricule <M00124> et touchant un salaire de <1064.85> \342\202\254" parameters:"Jane" parameters:"Doe" parameters:"M00124" parameters:"1064.85" > > 
11-03-2020 11:57:47.793 [Gauge] [DEBUG] Api Request Received: messageType:GetStepValueRequest messageId:4 stepValueRequest:<stepText:"J'embauche une personne appel\303\251e \"John\" \"Doe\" dipl\303\264m\303\251e d'un \"CAP\" en tant que \"Technicien\" avec un taux d'activit\303\251 de \"1.0\"" > 
11-03-2020 11:57:47.793 [Gauge] [DEBUG] Sending API response: messageType:GetStepValueResponse messageId:4 stepValueResponse:<stepValue:<stepValue:"J'embauche une personne appel\303\251e {} {} dipl\303\264m\303\251e d'un {} en tant que {} avec un taux d'activit\303\251 de {}" parameterizedStepValue:"J'embauche une personne appel\303\251e <John> <Doe> dipl\303\264m\303\251e d'un <CAP> en tant que <Technicien> avec un taux d'activit\303\251 de <1.0>" parameters:"John" parameters:"Doe" parameters:"CAP" parameters:"Technicien" parameters:"1.0" > > 
11-03-2020 11:57:47.794 [Gauge] [DEBUG] Api Request Received: messageType:GetStepValueRequest messageId:4 stepValueRequest:<stepText:"J'embauche une personne appel\303\251e \"Jane\" \"Doe\" dipl\303\264m\303\251e d'un \"master\" en tant que \"Manager\" avec un taux d'activit\303\251 de \"0.5\"" > 
11-03-2020 11:57:47.794 [Gauge] [DEBUG] Sending API response: messageType:GetStepValueResponse messageId:4 stepValueResponse:<stepValue:<stepValue:"J'embauche une personne appel\303\251e {} {} dipl\303\264m\303\251e d'un {} en tant que {} avec un taux d'activit\303\251 de {}" parameterizedStepValue:"J'embauche une personne appel\303\251e <Jane> <Doe> dipl\303\264m\303\251e d'un <master> en tant que <Manager> avec un taux d'activit\303\251 de <0.5>" parameters:"Jane" parameters:"Doe" parameters:"master" parameters:"Manager" parameters:"0.5" > > 
11-03-2020 11:58:03.465 [Gauge] [DEBUG] Api Request Received: messageType:GetStepValueRequest messageId:4 stepValueRequest:<stepText:"Vowels in English language are <vowelString>." > 
11-03-2020 11:58:03.465 [Gauge] [DEBUG] Sending API response: messageType:GetStepValueResponse messageId:4 stepValueResponse:<stepValue:<stepValue:"Vowels in English language are {}." parameterizedStepValue:"Vowels in English language are <vowelString>." parameters:"vowelString" > > 
11-03-2020 11:58:03.469 [Gauge] [DEBUG] Api Request Received: messageType:GetStepValueRequest messageId:4 stepValueRequest:<stepText:"The word <word> has <expectedCount> vowels." > 
11-03-2020 11:58:03.469 [Gauge] [DEBUG] Sending API response: messageType:GetStepValueResponse messageId:4 stepValueResponse:<stepValue:<stepValue:"The word {} has {} vowels." parameterizedStepValue:"The word <word> has <expectedCount> vowels." parameters:"word" parameters:"expectedCount" > > 
11-03-2020 11:58:03.469 [Gauge] [DEBUG] Api Request Received: messageType:GetStepValueRequest messageId:4 stepValueRequest:<stepText:"Almost all words have vowels <wordsTable>" > 
11-03-2020 11:58:03.469 [Gauge] [DEBUG] Sending API response: messageType:GetStepValueResponse messageId:4 stepValueResponse:<stepValue:<stepValue:"Almost all words have vowels {}" parameterizedStepValue:"Almost all words have vowels <wordsTable>" parameters:"wordsTable" > > 
11-03-2020 14:23:03.756 [Gauge] [DEBUG] Unable to send analytics data, timed out
12-03-2020 09:20:05.594 [Gauge] [DEBUG] Unable to send analytics data, timed out
12-03-2020 09:53:27.313 [Gauge] [DEBUG] Unable to send analytics data, timed out
12-03-2020 10:49:27.314 [Gauge] [DEBUG] Unable to send analytics data, timed out
12-03-2020 11:17:27.313 [Gauge] [DEBUG] Unable to send analytics data, timed out
12-03-2020 14:33:27.313 [Gauge] [DEBUG] Unable to send analytics data, timed out
12-03-2020 14:33:52.771 [Gauge] [DEBUG] Unable to send analytics data, Post https://www.google-analytics.com/collect: dial tcp 216.58.215.46:443: connectex: Une tentative de connexion a échoué car le parti connecté n’a pas répondu convenablement au-delà d’une certaine durée ou une connexion établie a échoué car l’hôte de connexion n’a pas répondu.
12-03-2020 15:57:27.313 [Gauge] [DEBUG] Unable to send analytics data, timed out
12-03-2020 16:25:27.315 [Gauge] [DEBUG] Unable to send analytics data, timed out
13-03-2020 09:05:31.465 [Gauge] [DEBUG] Unable to send analytics data, timed out
13-03-2020 09:05:42.508 [Gauge] [DEBUG] Unable to send analytics data, Post https://www.google-analytics.com/collect: dial tcp: lookup www.google-analytics.com: no such host
13-03-2020 09:13:27.314 [Gauge] [DEBUG] Unable to send analytics data, timed out
13-03-2020 09:13:50.868 [Gauge] [DEBUG] Unable to send analytics data, Post https://www.google-analytics.com/collect: dial tcp 216.58.213.142:443: connectex: Une tentative de connexion a échoué car le parti connecté n’a pas répondu convenablement au-delà d’une certaine durée ou une connexion établie a échoué car l’hôte de connexion n’a pas répondu.
13-03-2020 09:23:14.688 [Gauge] [INFO] Watching directory: C:\Users\ken.lebot\Desktop\CGI - IPI\java350\ipi-java-350-ex\specs
13-03-2020 09:23:14.696 [Gauge] [DEBUG] Found 1 files
13-03-2020 09:23:15.003 [Gauge] [INFO] Initializing concepts cache with 0 concepts
13-03-2020 09:23:15.033 [Gauge] [INFO] Initializing specs cache with 1 specs
13-03-2020 09:23:15.033 [Gauge] [DEBUG] Adding specs from C:\Users\ken.lebot\Desktop\CGI - IPI\java350\ipi-java-350-ex\specs\example.spec
13-03-2020 09:23:15.033 [Gauge] [INFO] Initializing steps cache with 1 steps
13-03-2020 09:23:15.033 [Gauge] [INFO] Gauge daemon initialized and listening on port: 51194
13-03-2020 09:51:16.480 [Gauge] [DEBUG] Unable to send analytics data, timed out
13-03-2020 10:04:47.405 [Gauge] [DEBUG] Api Request Received: messageType:GetStepValueRequest messageId:4 stepValueRequest:<stepText:"Soit un employ\303\251 appel\303\251 \"John\" \"Doe\" de matricule \"C00123\"" > 
13-03-2020 10:04:47.405 [Gauge] [DEBUG] Sending API response: messageType:GetStepValueResponse messageId:4 stepValueResponse:<stepValue:<stepValue:"Soit un employ\303\251 appel\303\251 {} {} de matricule {}" parameterizedStepValue:"Soit un employ\303\251 appel\303\251 <John> <Doe> de matricule <C00123>" parameters:"John" parameters:"Doe" parameters:"C00123" > > 
13-03-2020 10:04:47.416 [Gauge] [DEBUG] Api Request Received: messageType:GetStepValueRequest messageId:4 stepValueRequest:<stepText:"On vire tous les employ\303\251s s'il y en a" > 
13-03-2020 10:04:47.416 [Gauge] [DEBUG] Sending API response: messageType:GetStepValueResponse messageId:4 stepValueResponse:<stepValue:<stepValue:"On vire tous les employ\303\251s s'il y en a" parameterizedStepValue:"On vire tous les employ\303\251s s'il y en a" > > 
13-03-2020 10:04:47.416 [Gauge] [DEBUG] Api Request Received: messageType:GetStepValueRequest messageId:4 stepValueRequest:<stepText:"Soit un employ\303\251 appel\303\251 \"John\" \"Doe\" de matricule \"C00123\"" > 
13-03-2020 10:04:47.416 [Gauge] [DEBUG] Sending API response: messageType:GetStepValueResponse messageId:4 stepValueResponse:<stepValue:<stepValue:"Soit un employ\303\251 appel\303\251 {} {} de matricule {}" parameterizedStepValue:"Soit un employ\303\251 appel\303\251 <John> <Doe> de matricule <C00123>" parameters:"John" parameters:"Doe" parameters:"C00123" > > 
13-03-2020 10:04:47.417 [Gauge] [DEBUG] Api Request Received: messageType:GetStepValueRequest messageId:4 stepValueRequest:<stepText:"Soit un employ\303\251 appel\303\251 \"John\" \"Doe\" de matricule \"C00123\"" > 
13-03-2020 10:04:47.417 [Gauge] [DEBUG] Sending API response: messageType:GetStepValueResponse messageId:4 stepValueResponse:<stepValue:<stepValue:"Soit un employ\303\251 appel\303\251 {} {} de matricule {}" parameterizedStepValue:"Soit un employ\303\251 appel\303\251 <John> <Doe> de matricule <C00123>" parameters:"John" parameters:"Doe" parameters:"C00123" > > 
13-03-2020 10:04:47.417 [Gauge] [DEBUG] Api Request Received: messageType:GetStepValueRequest messageId:4 stepValueRequest:<stepText:"Soit un employ\303\251 appel\303\251 \"John\" \"Doe\" de matricule \"C00123\"" > 
13-03-2020 10:04:47.417 [Gauge] [DEBUG] Sending API response: messageType:GetStepValueResponse messageId:4 stepValueResponse:<stepValue:<stepValue:"Soit un employ\303\251 appel\303\251 {} {} de matricule {}" parameterizedStepValue:"Soit un employ\303\251 appel\303\251 <John> <Doe> de matricule <C00123>" parameters:"John" parameters:"Doe" parameters:"C00123" > > 
13-03-2020 10:04:47.418 [Gauge] [DEBUG] Api Request Received: messageType:GetStepValueRequest messageId:4 stepValueRequest:<stepText:"Soit un employ\303\251 appel\303\251 \"John\" \"Doe\" de matricule \"C00123\"" > 
13-03-2020 10:04:47.418 [Gauge] [DEBUG] Sending API response: messageType:GetStepValueResponse messageId:4 stepValueResponse:<stepValue:<stepValue:"Soit un employ\303\251 appel\303\251 {} {} de matricule {}" parameterizedStepValue:"Soit un employ\303\251 appel\303\251 <John> <Doe> de matricule <C00123>" parameters:"John" parameters:"Doe" parameters:"C00123" > > 
13-03-2020 10:04:47.452 [Gauge] [DEBUG] Api Request Received: messageType:GetStepValueRequest messageId:4 stepValueRequest:<stepText:"Vowels in English language are <vowelString>." > 
13-03-2020 10:04:47.452 [Gauge] [DEBUG] Sending API response: messageType:GetStepValueResponse messageId:4 stepValueResponse:<stepValue:<stepValue:"Vowels in English language are {}." parameterizedStepValue:"Vowels in English language are <vowelString>." parameters:"vowelString" > > 
13-03-2020 10:04:47.453 [Gauge] [DEBUG] Api Request Received: messageType:GetStepValueRequest messageId:4 stepValueRequest:<stepText:"Vowels in English language are <vowelString>." > 
13-03-2020 10:04:47.453 [Gauge] [DEBUG] Sending API response: messageType:GetStepValueResponse messageId:4 stepValueResponse:<stepValue:<stepValue:"Vowels in English language are {}." parameterizedStepValue:"Vowels in English language are <vowelString>." parameters:"vowelString" > > 
13-03-2020 10:04:47.453 [Gauge] [DEBUG] Api Request Received: messageType:GetStepValueRequest messageId:4 stepValueRequest:<stepText:"Vowels in English language are <vowelString>." > 
13-03-2020 10:04:47.453 [Gauge] [DEBUG] Sending API response: messageType:GetStepValueResponse messageId:4 stepValueResponse:<stepValue:<stepValue:"Vowels in English language are {}." parameterizedStepValue:"Vowels in English language are <vowelString>." parameters:"vowelString" > > 
13-03-2020 10:04:47.453 [Gauge] [DEBUG] Api Request Received: messageType:GetStepValueRequest messageId:4 stepValueRequest:<stepText:"Vowels in English language are <vowelString>." > 
13-03-2020 10:04:47.453 [Gauge] [DEBUG] Sending API response: messageType:GetStepValueResponse messageId:4 stepValueResponse:<stepValue:<stepValue:"Vowels in English language are {}." parameterizedStepValue:"Vowels in English language are <vowelString>." parameters:"vowelString" > > 
13-03-2020 10:04:47.454 [Gauge] [DEBUG] Api Request Received: messageType:GetStepValueRequest messageId:4 stepValueRequest:<stepText:"Vowels in English language are <vowelString>." > 
13-03-2020 10:04:47.454 [Gauge] [DEBUG] Sending API response: messageType:GetStepValueResponse messageId:4 stepValueResponse:<stepValue:<stepValue:"Vowels in English language are {}." parameterizedStepValue:"Vowels in English language are <vowelString>." parameters:"vowelString" > > 
13-03-2020 10:04:47.454 [Gauge] [DEBUG] Api Request Received: messageType:GetStepValueRequest messageId:4 stepValueRequest:<stepText:"Vowels in English language are <vowelString>." > 
13-03-2020 10:04:47.454 [Gauge] [DEBUG] Sending API response: messageType:GetStepValueResponse messageId:4 stepValueResponse:<stepValue:<stepValue:"Vowels in English language are {}." parameterizedStepValue:"Vowels in English language are <vowelString>." parameters:"vowelString" > > 
13-03-2020 10:04:47.454 [Gauge] [DEBUG] Api Request Received: messageType:GetStepValueRequest messageId:4 stepValueRequest:<stepText:"The word <word> has <expectedCount> vowels." > 
13-03-2020 10:04:47.454 [Gauge] [DEBUG] Sending API response: messageType:GetStepValueResponse messageId:4 stepValueResponse:<stepValue:<stepValue:"The word {} has {} vowels." parameterizedStepValue:"The word <word> has <expectedCount> vowels." parameters:"word" parameters:"expectedCount" > > 
13-03-2020 10:04:47.454 [Gauge] [DEBUG] Api Request Received: messageType:GetStepValueRequest messageId:4 stepValueRequest:<stepText:"The word <word> has <expectedCount> vowels." > 
13-03-2020 10:04:47.454 [Gauge] [DEBUG] Sending API response: messageType:GetStepValueResponse messageId:4 stepValueResponse:<stepValue:<stepValue:"The word {} has {} vowels." parameterizedStepValue:"The word <word> has <expectedCount> vowels." parameters:"word" parameters:"expectedCount" > > 
13-03-2020 10:04:47.455 [Gauge] [DEBUG] Api Request Received: messageType:GetStepValueRequest messageId:4 stepValueRequest:<stepText:"The word <word> has <expectedCount> vowels." > 
13-03-2020 10:04:47.455 [Gauge] [DEBUG] Sending API response: messageType:GetStepValueResponse messageId:4 stepValueResponse:<stepValue:<stepValue:"The word {} has {} vowels." parameterizedStepValue:"The word <word> has <expectedCount> vowels." parameters:"word" parameters:"expectedCount" > > 
13-03-2020 10:04:47.455 [Gauge] [DEBUG] Api Request Received: messageType:GetStepValueRequest messageId:4 stepValueRequest:<stepText:"The word <word> has <expectedCount> vowels." > 
13-03-2020 10:04:47.455 [Gauge] [DEBUG] Sending API response: messageType:GetStepValueResponse messageId:4 stepValueResponse:<stepValue:<stepValue:"The word {} has {} vowels." parameterizedStepValue:"The word <word> has <expectedCount> vowels." parameters:"word" parameters:"expectedCount" > > 
13-03-2020 10:04:47.455 [Gauge] [DEBUG] Api Request Received: messageType:GetStepValueRequest messageId:4 stepValueRequest:<stepText:"The word <word> has <expectedCount> vowels." > 
13-03-2020 10:04:47.455 [Gauge] [DEBUG] Sending API response: messageType:GetStepValueResponse messageId:4 stepValueResponse:<stepValue:<stepValue:"The word {} has {} vowels." parameterizedStepValue:"The word <word> has <expectedCount> vowels." parameters:"word" parameters:"expectedCount" > > 
13-03-2020 10:04:47.456 [Gauge] [DEBUG] Api Request Received: messageType:GetStepValueRequest messageId:4 stepValueRequest:<stepText:"Almost all words have vowels <wordsTable>" > 
13-03-2020 10:04:47.456 [Gauge] [DEBUG] Sending API response: messageType:GetStepValueResponse messageId:4 stepValueResponse:<stepValue:<stepValue:"Almost all words have vowels {}" parameterizedStepValue:"Almost all words have vowels <wordsTable>" parameters:"wordsTable" > > 
13-03-2020 10:04:47.456 [Gauge] [DEBUG] Api Request Received: messageType:GetStepValueRequest messageId:4 stepValueRequest:<stepText:"Almost all words have vowels <wordsTable>" > 
13-03-2020 10:04:47.456 [Gauge] [DEBUG] Sending API response: messageType:GetStepValueResponse messageId:4 stepValueResponse:<stepValue:<stepValue:"Almost all words have vowels {}" parameterizedStepValue:"Almost all words have vowels <wordsTable>" parameters:"wordsTable" > > 
13-03-2020 10:04:47.456 [Gauge] [DEBUG] Api Request Received: messageType:GetStepValueRequest messageId:4 stepValueRequest:<stepText:"Almost all words have vowels <wordsTable>" > 
13-03-2020 10:04:47.456 [Gauge] [DEBUG] Sending API response: messageType:GetStepValueResponse messageId:4 stepValueResponse:<stepValue:<stepValue:"Almost all words have vowels {}" parameterizedStepValue:"Almost all words have vowels <wordsTable>" parameters:"wordsTable" > > 
13-03-2020 10:04:47.457 [Gauge] [DEBUG] Api Request Received: messageType:GetStepValueRequest messageId:4 stepValueRequest:<stepText:"Almost all words have vowels <wordsTable>" > 
13-03-2020 10:04:47.457 [Gauge] [DEBUG] Sending API response: messageType:GetStepValueResponse messageId:4 stepValueResponse:<stepValue:<stepValue:"Almost all words have vowels {}" parameterizedStepValue:"Almost all words have vowels <wordsTable>" parameters:"wordsTable" > > 
13-03-2020 10:04:47.457 [Gauge] [DEBUG] Api Request Received: messageType:GetStepValueRequest messageId:4 stepValueRequest:<stepText:"The word <word> has <expectedCount> vowels." > 
13-03-2020 10:04:47.457 [Gauge] [DEBUG] Sending API response: messageType:GetStepValueResponse messageId:4 stepValueResponse:<stepValue:<stepValue:"The word {} has {} vowels." parameterizedStepValue:"The word <word> has <expectedCount> vowels." parameters:"word" parameters:"expectedCount" > > 
13-03-2020 10:04:47.457 [Gauge] [DEBUG] Api Request Received: messageType:GetStepValueRequest messageId:4 stepValueRequest:<stepText:"Soit un employ\303\251 appel\303\251 <prenom> <nom> de matricule <matricule>" > 
13-03-2020 10:04:47.457 [Gauge] [DEBUG] Sending API response: messageType:GetStepValueResponse messageId:4 stepValueResponse:<stepValue:<stepValue:"Soit un employ\303\251 appel\303\251 {} {} de matricule {}" parameterizedStepValue:"Soit un employ\303\251 appel\303\251 <prenom> <nom> de matricule <matricule>" parameters:"prenom" parameters:"nom" parameters:"matricule" > > 
13-03-2020 10:04:47.457 [Gauge] [DEBUG] Api Request Received: messageType:GetStepValueRequest messageId:4 stepValueRequest:<stepText:"Soit un employ\303\251 appel\303\251 <prenom> <nom> de matricule <matricule>" > 
13-03-2020 10:04:47.458 [Gauge] [DEBUG] Sending API response: messageType:GetStepValueResponse messageId:4 stepValueResponse:<stepValue:<stepValue:"Soit un employ\303\251 appel\303\251 {} {} de matricule {}" parameterizedStepValue:"Soit un employ\303\251 appel\303\251 <prenom> <nom> de matricule <matricule>" parameters:"prenom" parameters:"nom" parameters:"matricule" > > 
13-03-2020 10:04:47.458 [Gauge] [DEBUG] Api Request Received: messageType:GetStepValueRequest messageId:4 stepValueRequest:<stepText:"Soit un employ\303\251 appel\303\251 <prenom> <nom> de matricule <matricule>" > 
13-03-2020 10:04:47.458 [Gauge] [DEBUG] Sending API response: messageType:GetStepValueResponse messageId:4 stepValueResponse:<stepValue:<stepValue:"Soit un employ\303\251 appel\303\251 {} {} de matricule {}" parameterizedStepValue:"Soit un employ\303\251 appel\303\251 <prenom> <nom> de matricule <matricule>" parameters:"prenom" parameters:"nom" parameters:"matricule" > > 
13-03-2020 10:04:47.459 [Gauge] [DEBUG] Api Request Received: messageType:GetStepValueRequest messageId:4 stepValueRequest:<stepText:"Soit un employ\303\251 appel\303\251 <prenom> <nom> de matricule <matricule>" > 
13-03-2020 10:04:47.459 [Gauge] [DEBUG] Sending API response: messageType:GetStepValueResponse messageId:4 stepValueResponse:<stepValue:<stepValue:"Soit un employ\303\251 appel\303\251 {} {} de matricule {}" parameterizedStepValue:"Soit un employ\303\251 appel\303\251 <prenom> <nom> de matricule <matricule>" parameters:"prenom" parameters:"nom" parameters:"matricule" > > 
13-03-2020 10:04:47.460 [Gauge] [DEBUG] Api Request Received: messageType:GetStepValueRequest messageId:4 stepValueRequest:<stepText:"Almost all words have vowels <wordsTable>" > 
13-03-2020 10:04:47.460 [Gauge] [DEBUG] Sending API response: messageType:GetStepValueResponse messageId:4 stepValueResponse:<stepValue:<stepValue:"Almost all words have vowels {}" parameterizedStepValue:"Almost all words have vowels <wordsTable>" parameters:"wordsTable" > > 
13-03-2020 10:04:47.460 [Gauge] [DEBUG] Api Request Received: messageType:GetStepValueRequest messageId:4 stepValueRequest:<stepText:"Soit un employ\303\251 appel\303\251 <prenom> <nom> de matricule <matricule>" > 
13-03-2020 10:04:47.470 [Gauge] [DEBUG] Sending API response: messageType:GetStepValueResponse messageId:4 stepValueResponse:<stepValue:<stepValue:"Soit un employ\303\251 appel\303\251 {} {} de matricule {}" parameterizedStepValue:"Soit un employ\303\251 appel\303\251 <prenom> <nom> de matricule <matricule>" parameters:"prenom" parameters:"nom" parameters:"matricule" > > 
13-03-2020 10:04:47.478 [Gauge] [DEBUG] Api Request Received: messageType:GetStepValueRequest messageId:4 stepValueRequest:<stepText:"J'embauche une personne appel\303\251e \"John\" \"Doe\" dipl\303\264m\303\251e d'un \"CAP\" en tant que \"Technicien\" avec un taux d'activit\303\251 de \"1.0\"" > 
13-03-2020 10:04:47.478 [Gauge] [DEBUG] Sending API response: messageType:GetStepValueResponse messageId:4 stepValueResponse:<stepValue:<stepValue:"J'embauche une personne appel\303\251e {} {} dipl\303\264m\303\251e d'un {} en tant que {} avec un taux d'activit\303\251 de {}" parameterizedStepValue:"J'embauche une personne appel\303\251e <John> <Doe> dipl\303\264m\303\251e d'un <CAP> en tant que <Technicien> avec un taux d'activit\303\251 de <1.0>" parameters:"John" parameters:"Doe" parameters:"CAP" parameters:"Technicien" parameters:"1.0" > > 
13-03-2020 10:04:47.480 [Gauge] [DEBUG] Api Request Received: messageType:GetStepValueRequest messageId:4 stepValueRequest:<stepText:"J'embauche une personne appel\303\251e <prenom> <nom> dipl\303\264m\303\251e d'un <diplome> en tant que <poste> avec un taux d'activit\303\251 de <txActivite>" > 
13-03-2020 10:04:47.480 [Gauge] [DEBUG] Sending API response: messageType:GetStepValueResponse messageId:4 stepValueResponse:<stepValue:<stepValue:"J'embauche une personne appel\303\251e {} {} dipl\303\264m\303\251e d'un {} en tant que {} avec un taux d'activit\303\251 de {}" parameterizedStepValue:"J'embauche une personne appel\303\251e <prenom> <nom> dipl\303\264m\303\251e d'un <diplome> en tant que <poste> avec un taux d'activit\303\251 de <txActivite>" parameters:"prenom" parameters:"nom" parameters:"diplome" parameters:"poste" parameters:"txActivite" > > 
13-03-2020 10:04:47.484 [Gauge] [DEBUG] Api Request Received: messageType:GetStepValueRequest messageId:4 stepValueRequest:<stepText:"J'obtiens bien un nouvel employ\303\251 appel\303\251 \"John\" \"Doe\" portant le matricule \"T00001\" et touchant un salaire de \"1521.22\" \342\202\254" > 
13-03-2020 10:04:47.484 [Gauge] [DEBUG] Sending API response: messageType:GetStepValueResponse messageId:4 stepValueResponse:<stepValue:<stepValue:"J'obtiens bien un nouvel employ\303\251 appel\303\251 {} {} portant le matricule {} et touchant un salaire de {} \342\202\254" parameterizedStepValue:"J'obtiens bien un nouvel employ\303\251 appel\303\251 <John> <Doe> portant le matricule <T00001> et touchant un salaire de <1521.22> \342\202\254" parameters:"John" parameters:"Doe" parameters:"T00001" parameters:"1521.22" > > 
13-03-2020 10:04:47.485 [Gauge] [DEBUG] Api Request Received: messageType:GetStepValueRequest messageId:4 stepValueRequest:<stepText:"J'obtiens bien un nouvel employ\303\251 appel\303\251 <prenom> <nom> portant le matricule <matricule> et touchant un salaire de <salaire> \342\202\254" > 
13-03-2020 10:04:47.485 [Gauge] [DEBUG] Sending API response: messageType:GetStepValueResponse messageId:4 stepValueResponse:<stepValue:<stepValue:"J'obtiens bien un nouvel employ\303\251 appel\303\251 {} {} portant le matricule {} et touchant un salaire de {} \342\202\254" parameterizedStepValue:"J'obtiens bien un nouvel employ\303\251 appel\303\251 <prenom> <nom> portant le matricule <matricule> et touchant un salaire de <salaire> \342\202\254" parameters:"prenom" parameters:"nom" parameters:"matricule" parameters:"salaire" > > 
13-03-2020 10:04:47.493 [Gauge] [DEBUG] Api Request Received: messageType:GetStepValueRequest messageId:4 stepValueRequest:<stepText:"J'embauche une personne appel\303\251e \"Jane\" \"Doe\" dipl\303\264m\303\251e d'un \"master\" en tant que \"Manager\" avec un taux d'activit\303\251 de \"0.5\"" > 
13-03-2020 10:04:47.493 [Gauge] [DEBUG] Sending API response: messageType:GetStepValueResponse messageId:4 stepValueResponse:<stepValue:<stepValue:"J'embauche une personne appel\303\251e {} {} dipl\303\264m\303\251e d'un {} en tant que {} avec un taux d'activit\303\251 de {}" parameterizedStepValue:"J'embauche une personne appel\303\251e <Jane> <Doe> dipl\303\264m\303\251e d'un <master> en tant que <Manager> avec un taux d'activit\303\251 de <0.5>" parameters:"Jane" parameters:"Doe" parameters:"master" parameters:"Manager" parameters:"0.5" > > 
13-03-2020 10:04:47.497 [Gauge] [DEBUG] Api Request Received: messageType:GetStepValueRequest messageId:4 stepValueRequest:<stepText:"J'obtiens bien un nouvel employ\303\251 appel\303\251 \"Jane\" \"Doe\" portant le matricule \"M00124\" et touchant un salaire de \"1064.85\" \342\202\254" > 
13-03-2020 10:04:47.497 [Gauge] [DEBUG] Sending API response: messageType:GetStepValueResponse messageId:4 stepValueResponse:<stepValue:<stepValue:"J'obtiens bien un nouvel employ\303\251 appel\303\251 {} {} portant le matricule {} et touchant un salaire de {} \342\202\254" parameterizedStepValue:"J'obtiens bien un nouvel employ\303\251 appel\303\251 <Jane> <Doe> portant le matricule <M00124> et touchant un salaire de <1064.85> \342\202\254" parameters:"Jane" parameters:"Doe" parameters:"M00124" parameters:"1064.85" > > 
13-03-2020 10:57:58.510 [Gauge] [INFO] Spec file removed: C:\Users\ken.lebot\Desktop\CGI - IPI\java350\ipi-java-350-ex\specs\example.spec
